<?xml version="1.0" encoding="utf-8" standalone="no"?>
<test-results xmlns:xsi="http://www.w3.org/2001/XMLSchema-instance" xsi:noNamespaceSchemaLocation="nunit_schema_2.5.xsd" name="Pester" total="2" errors="0" failures="0" not-run="0" inconclusive="0" ignored="0" skipped="0" invalid="0" date="2020-06-17" time="22:55:27">
  <environment clr-version="Unknown" user-domain="DESKTOP-24B7O4D" cwd="C:\Users\stewa\Source\Eden\powershell" os-version="10.0.19041" nunit-version="2.5.8.0" user="stewa" machine-name="DESKTOP-24B7O4D" platform="Microsoft Windows 10 Home|C:\WINDOWS|\Device\Harddisk0\Partition3" />
  <culture-info current-culture="en-US" current-uiculture="en-US" />
  <test-suite type="TestFixture" name="Pester" executed="True" result="Success" success="True" time="6.611" asserts="0" description="Pester">
    <results>
      <test-suite type="TestFixture" name="C:\Users\stewa\Source\Eden\powershell\tests\public\Build-EdenServiceApp.tests.ps1" executed="True" result="Success" success="True" time="6.611" asserts="0" description="C:\Users\stewa\Source\Eden\powershell\tests\public\Build-EdenServiceApp.tests.ps1">
        <results>
          <test-suite type="TestFixture" name="Public/Build-EdenApplication" executed="True" result="Success" success="True" time="6.5286" asserts="0" description="Public/Build-EdenApplication">
            <results>
              <test-suite type="TestFixture" name="Public/Build-EdenApplication.Once" executed="True" result="Success" success="True" time="6.4715" asserts="0" description="Public/Build-EdenApplication.Once">
                <results>
                  <test-case description="Builds the application" name="Public/Build-EdenApplication.Once.Builds the application" time="5.8517" asserts="0" success="True" result="Success" executed="True" />
                  <test-case description="Throws an error if the project is missing" name="Public/Build-EdenApplication.Once.Throws an error if the project is missing" time="0.5281" asserts="0" success="True" result="Success" executed="True" />
                </results>
              </test-suite>
            </results>
          </test-suite>
        </results>
      </test-suite>
    </results>
  </test-suite>
</test-results>